<?xml version="1.0" encoding="UTF-8"?>
<testng-results skipped="0" failed="0" ignored="0" total="1" passed="1">
  <reporter-output>
  </reporter-output>
  <suite name="Default suite" duration-ms="8689" started-at="2020-11-01T10:14:56 GST" finished-at="2020-11-01T10:15:04 GST">
    <groups>
    </groups>
    <test name="Default test" duration-ms="8689" started-at="2020-11-01T10:14:56 GST" finished-at="2020-11-01T10:15:04 GST">
      <class name="resources.ExtentReport">
        <test-method status="PASS" signature="config()[pri:0, instance:resources.ExtentReport@5bfbf16f]" name="config" is-config="true" duration-ms="516" started-at="2020-11-01T10:14:56 GST" finished-at="2020-11-01T10:14:56 GST">
          <reporter-output>
          </reporter-output>
        </test-method> <!-- config -->
        <test-method status="PASS" signature="initialDemo()[pri:0, instance:resources.ExtentReport@5bfbf16f]" name="initialDemo" duration-ms="8105" started-at="2020-11-01T10:14:56 GST" finished-at="2020-11-01T10:15:04 GST">
          <reporter-output>
          </reporter-output>
        </test-method> <!-- initialDemo -->
      </class> <!-- resources.ExtentReport -->
    </test> <!-- Default test -->
  </suite> <!-- Default suite -->
</testng-results>
